\BOOKMARK [0][-]{chapter.1}{Inicio}{}% 1
\BOOKMARK [1][-]{section.1.1}{Resumen}{chapter.1}% 2
\BOOKMARK [1][-]{section.1.2}{Objetivos}{chapter.1}% 3
\BOOKMARK [1][-]{section.1.3}{M\351todo}{chapter.1}% 4
\BOOKMARK [0][-]{chapter.2}{Revisi\363n Sistem\341tica}{}% 5
\BOOKMARK [1][-]{section.2.1}{Planeaci\363n de la Revisi\363n Sistem\341tica}{chapter.2}% 6
\BOOKMARK [2][-]{subsection.2.1.1}{Background}{section.2.1}% 7
\BOOKMARK [2][-]{subsection.2.1.2}{Especificaci\363n de las Preguntas de Investigaci\363n}{section.2.1}% 8
\BOOKMARK [2][-]{subsection.2.1.3}{Evaluaci\363n del Protocolo de Revisi\363n}{section.2.1}% 9
\BOOKMARK [1][-]{section.2.2}{Ejecuci\363n de la Revisi\363n}{chapter.2}% 10
\BOOKMARK [2][-]{subsection.2.2.1}{Selecci\363n de las Fuentes de Investigaci\363n}{section.2.2}% 11
\BOOKMARK [2][-]{subsection.2.2.2}{Procedimiento de Selecci\363n de los Estudios Relevantes}{section.2.2}% 12
\BOOKMARK [2][-]{subsection.2.2.3}{Evaluaci\363n de la Calidad de los Estudios}{section.2.2}% 13
\BOOKMARK [2][-]{subsection.2.2.4}{Extracci\363n y Monitoreo de la Informaci\363n}{section.2.2}% 14
\BOOKMARK [2][-]{subsection.2.2.5}{S\355ntesis de la Informaci\363n}{section.2.2}% 15
\BOOKMARK [2][-]{subsection.2.2.6}{Reporte de Resultados}{section.2.2}% 16
\BOOKMARK [2][-]{subsection.2.2.7}{M\351todos Existentes}{section.2.2}% 17
\BOOKMARK [1][-]{section.2.3}{Conclusiones}{chapter.2}% 18
\BOOKMARK [1][-]{section.2.4}{Referencias}{chapter.2}% 19
\BOOKMARK [1][-]{section.2.5}{Anexos}{chapter.2}% 20
